<?xml version="1.0" encoding="UTF-8"?>
<!-- Generated by org.testng.reporters.JUnitReportReporter -->
<testsuite hostname="LAPTOP-ASMRE49M" failures="0" tests="4" name="com.academy.test.AutomationPracticeTest" time="30.751" errors="0" timestamp="2021-02-02T20:15:59 EET" skipped="0">
  <testcase classname="com.academy.test.AutomationPracticeTest" name="testUntitledTestCase" time="8.238"/>
  <system-out/>
  <testcase classname="com.academy.test.AutomationPracticeTest" name="testWomenCategory" time="5.943"/>
  <system-out/>
  <testcase classname="com.academy.test.AutomationPracticeTest" name="testMove" time="7.668"/>
  <system-out/>
  <testcase classname="com.academy.test.AutomationPracticeTest" name="testUntitledTestCase" time="8.902"/>
  <system-out/>
</testsuite> <!-- com.academy.test.AutomationPracticeTest -->
