<?xml version="1.0" encoding="UTF-8"?>
<!-- Generated by org.testng.reporters.JUnitReportReporter -->
<testsuite hostname="LAPTOP-ASMRE49M" failures="0" tests="2" name="com.academy.test.LoginTest" time="14.919" errors="0" timestamp="2021-02-02T20:15:59 EET" skipped="0">
  <testcase classname="com.academy.test.LoginTest" name="testFeature1" time="9.377"/>
  <system-out/>
  <testcase classname="com.academy.test.LoginTest" name="testFeature1" time="5.542"/>
  <system-out/>
</testsuite> <!-- com.academy.test.LoginTest -->
