<?xml version="1.0" encoding="UTF-8"?>
<!-- Generated by org.testng.reporters.JUnitReportReporter -->
<testsuite hostname="LAPTOP-ASMRE49M" failures="0" tests="4" name="com.academy.test.AutomationPracticeTest" time="19.855" errors="0" timestamp="2021-02-01T22:32:24 EET" skipped="0">
  <testcase classname="com.academy.test.AutomationPracticeTest" name="testMove" time="6.581"/>
  <system-out/>
  <testcase classname="com.academy.test.AutomationPracticeTest" name="testUntitledTestCase" time="5.091"/>
  <system-out/>
  <testcase classname="com.academy.test.AutomationPracticeTest" name="testUntitledTestCase" time="4.136"/>
  <system-out/>
  <testcase classname="com.academy.test.AutomationPracticeTest" name="testWomenCategory" time="4.047"/>
  <system-out/>
</testsuite> <!-- com.academy.test.AutomationPracticeTest -->
