<?xml version="1.0" encoding="UTF-8"?>
<!-- Generated by org.testng.reporters.JUnitReportReporter -->
<testsuite hostname="LAPTOP-ASMRE49M" failures="0" tests="1" name="com.academy.test.AutomationPracticeTest" time="10.225" errors="0" timestamp="2021-01-23T11:55:55 EET" skipped="0">
  <testcase classname="com.academy.test.AutomationPracticeTest" name="testUntitledTestCase" time="10.225"/>
  <system-out/>
</testsuite> <!-- com.academy.test.AutomationPracticeTest -->
